Executing /workspace/m1_dev/python_env/../adarand/ada_rand.py
Config: {'seed': 42, 'val_ratio': 0.2, 'data_path': PosixPath('/workspace/m1_dev/python_env/../adarand'), 'batch_size': 32, 'max_iter': 200, 'model_lr': 0.001, 'model_lr_milestones': (60, 120, 160), 'model_lr_drop_rate': 0.1, 'reg_lambda': 1.0, 'rand_lr': 0.001}
Epoch 0/200, Loss: 0.14913999700340733, CE: 0.14642583850422516, Reg: 0.0027141584596124114, Top-1 Acc: 0.09398034398034398, Top-5 Acc: 0.31633906633906633
Epoch 1/200, Loss: 0.0960243535893304, CE: 0.09094219476792026, Reg: 0.005082158682629319, Top-1 Acc: 0.3703931203931204, Top-5 Acc: 0.7248157248157249
Epoch 2/200, Loss: 0.054393251577915226, CE: 0.048589262725978064, Reg: 0.0058039889666320656, Top-1 Acc: 0.4950859950859951, Top-5 Acc: 0.8058968058968059
Epoch 3/200, Loss: 0.028982394260212117, CE: 0.023364857568639544, Reg: 0.005617536753507817, Top-1 Acc: 0.5528255528255528, Top-5 Acc: 0.8531941031941032
Epoch 4/200, Loss: 0.014523398424751066, CE: 0.009406144405013235, Reg: 0.005117254035795117, Top-1 Acc: 0.628992628992629, Top-5 Acc: 0.8882063882063882
Epoch 5/200, Loss: 0.007539962838160727, CE: 0.0033623332328626453, Reg: 0.004177629631104434, Top-1 Acc: 0.7174447174447175, Top-5 Acc: 0.9305896805896806
Epoch 6/200, Loss: 0.004657230182812352, CE: 0.0013928114843160244, Reg: 0.003264418683872728, Top-1 Acc: 0.7794840294840295, Top-5 Acc: 0.9453316953316954
Epoch 7/200, Loss: 0.0034350548123050794, CE: 0.0007846451847896604, Reg: 0.002650409624934784, Top-1 Acc: 0.7874692874692875, Top-5 Acc: 0.9447174447174447
Epoch 8/200, Loss: 0.0028892256906760737, CE: 0.0006038594553407667, Reg: 0.002285366234475095, Top-1 Acc: 0.7868550368550369, Top-5 Acc: 0.9477886977886978
Epoch 9/200, Loss: 0.00275986767465735, CE: 0.0006278412648261034, Reg: 0.002132026405816925, Top-1 Acc: 0.7899262899262899, Top-5 Acc: 0.9459459459459459
Epoch 10/200, Loss: 0.002528905550825405, CE: 0.0005614978438065493, Reg: 0.001967407699922109, Top-1 Acc: 0.7757985257985258, Top-5 Acc: 0.941031941031941
Epoch 11/200, Loss: 0.0021333525403462385, CE: 0.0003832401018165364, Reg: 0.0017501124395332827, Top-1 Acc: 0.7702702702702703, Top-5 Acc: 0.9404176904176904
Epoch 12/200, Loss: 0.0019258099070204229, CE: 0.000323688429919372, Reg: 0.0016021214791440538, Top-1 Acc: 0.777027027027027, Top-5 Acc: 0.9441031941031941
Epoch 13/200, Loss: 0.001913756448683774, CE: 0.00040444165026353845, Reg: 0.0015093147997822375, Top-1 Acc: 0.6382063882063882, Top-5 Acc: 0.8820638820638821
Epoch 14/200, Loss: 0.035001607661094204, CE: 0.03200549664196049, Reg: 0.002996111075334214, Top-1 Acc: 0.5448402948402948, Top-5 Acc: 0.8415233415233415
Epoch 15/200, Loss: 0.010124807755274726, CE: 0.007107933429803865, Reg: 0.003016874304252305, Top-1 Acc: 0.691031941031941, Top-5 Acc: 0.914004914004914
Epoch 16/200, Loss: 0.003788757712575676, CE: 0.0013658693720491402, Reg: 0.0024228883297022046, Top-1 Acc: 0.7573710073710074, Top-5 Acc: 0.9441031941031941
Epoch 17/200, Loss: 0.0025744938837557003, CE: 0.0006192015493867845, Reg: 0.001955292330999753, Top-1 Acc: 0.7794840294840295, Top-5 Acc: 0.9508599508599509
Epoch 18/200, Loss: 0.0021296391972418635, CE: 0.00039571650906034694, Reg: 0.0017339226828768776, Top-1 Acc: 0.7905405405405406, Top-5 Acc: 0.9502457002457002
Epoch 19/200, Loss: 0.0018997283972423578, CE: 0.00029928127701997557, Reg: 0.0016004471200073294, Top-1 Acc: 0.788083538083538, Top-5 Acc: 0.9533169533169533
Epoch 20/200, Loss: 0.0017718827842821922, CE: 0.00025755231172073487, Reg: 0.0015143304787979925, Top-1 Acc: 0.792997542997543, Top-5 Acc: 0.9527027027027027
Epoch 21/200, Loss: 0.001664870600973077, CE: 0.0002254523382980372, Reg: 0.0014394182612055115, Top-1 Acc: 0.7985257985257985, Top-5 Acc: 0.949017199017199
Epoch 22/200, Loss: 0.0015886914233901892, CE: 0.00021172580945768893, Reg: 0.0013769656142192375, Top-1 Acc: 0.7917690417690417, Top-5 Acc: 0.9484029484029484
Epoch 23/200, Loss: 0.0015065288268662806, CE: 0.00018389630179451962, Reg: 0.0013226325270430796, Top-1 Acc: 0.7813267813267813, Top-5 Acc: 0.9465601965601965
Epoch 24/200, Loss: 0.0014539391503169252, CE: 0.0001808468682275399, Reg: 0.0012730922793116183, Top-1 Acc: 0.7886977886977887, Top-5 Acc: 0.949017199017199
Epoch 25/200, Loss: 0.0016496069413917186, CE: 0.00028542384291365926, Reg: 0.0013641831040694355, Top-1 Acc: 0.788083538083538, Top-5 Acc: 0.9404176904176904
Epoch 26/200, Loss: 0.002306934487386584, CE: 0.0008039966680030935, Reg: 0.0015029378179139618, Top-1 Acc: 0.5307125307125307, Top-5 Acc: 0.8095823095823096
Epoch 27/200, Loss: 0.02105615127905102, CE: 0.018591258565899847, Reg: 0.0024648927406779506, Top-1 Acc: 0.5706388206388207, Top-5 Acc: 0.8323095823095823
Epoch 28/200, Loss: 0.005201681729250133, CE: 0.0029634290406069822, Reg: 0.0022382526853456726, Top-1 Acc: 0.7186732186732187, Top-5 Acc: 0.9213759213759214
Epoch 29/200, Loss: 0.0024373136280710105, CE: 0.0005966708042358938, Reg: 0.0018406428243010649, Top-1 Acc: 0.757985257985258, Top-5 Acc: 0.9404176904176904
Epoch 30/200, Loss: 0.0019347745159026145, CE: 0.0003421365230311548, Reg: 0.0015926379911151939, Top-1 Acc: 0.7745700245700246, Top-5 Acc: 0.9477886977886978
Epoch 31/200, Loss: 0.0017515832221071269, CE: 0.0002805130349810802, Reg: 0.0014710701862120717, Top-1 Acc: 0.773955773955774, Top-5 Acc: 0.9453316953316954
Epoch 32/200, Loss: 0.0016060593845368606, CE: 0.00020363239370449333, Reg: 0.0014024269904739457, Top-1 Acc: 0.7794840294840295, Top-5 Acc: 0.9471744471744472
Epoch 33/200, Loss: 0.0015257773009069227, CE: 0.0001796197859687086, Reg: 0.0013461575150636616, Top-1 Acc: 0.7813267813267813, Top-5 Acc: 0.9465601965601965
Epoch 34/200, Loss: 0.0014634375773562953, CE: 0.00016281847606052925, Reg: 0.0013006191030878738, Top-1 Acc: 0.7856265356265356, Top-5 Acc: 0.9447174447174447
Epoch 35/200, Loss: 0.001408542541952189, CE: 0.00014875073482588123, Reg: 0.0012597918035600134, Top-1 Acc: 0.7764127764127764, Top-5 Acc: 0.9428746928746928
Epoch 36/200, Loss: 0.001362357934331292, CE: 0.00013738765506437415, Reg: 0.0012249702798762345, Top-1 Acc: 0.7825552825552825, Top-5 Acc: 0.9422604422604423
Epoch 37/200, Loss: 0.0013303734950510225, CE: 0.00013525296178826458, Reg: 0.0011951205345889177, Top-1 Acc: 0.7776412776412777, Top-5 Acc: 0.9422604422604423
Epoch 38/200, Loss: 0.0012923230450334294, CE: 0.00012460154451626545, Reg: 0.001167721499854084, Top-1 Acc: 0.7721130221130221, Top-5 Acc: 0.941031941031941
Epoch 39/200, Loss: 0.0012674953437552517, CE: 0.00012742220948486397, Reg: 0.001140073136187943, Top-1 Acc: 0.773955773955774, Top-5 Acc: 0.941031941031941
Epoch 40/200, Loss: 0.0012152336034327378, CE: 0.00010215508860137068, Reg: 0.0011130785185320697, Top-1 Acc: 0.7757985257985258, Top-5 Acc: 0.9361179361179361
Epoch 41/200, Loss: 0.001203947808946772, CE: 0.00011749364042090048, Reg: 0.0010864541669756982, Top-1 Acc: 0.7684275184275184, Top-5 Acc: 0.941031941031941
Epoch 42/200, Loss: 0.0011965789444506022, CE: 0.00011727289118228556, Reg: 0.0010793060574708093, Top-1 Acc: 0.734029484029484, Top-5 Acc: 0.9226044226044227
Epoch 43/200, Loss: 0.01790289670054622, CE: 0.015883590846713588, Reg: 0.002019305828169649, Top-1 Acc: 0.5841523341523341, Top-5 Acc: 0.8538083538083538
Epoch 44/200, Loss: 0.004346520228201312, CE: 0.0023459576103570206, Reg: 0.002000562617844292, Top-1 Acc: 0.734029484029484, Top-5 Acc: 0.9244471744471745
Epoch 45/200, Loss: 0.0020726940467302216, CE: 0.0004155336568944083, Reg: 0.001657160390696025, Top-1 Acc: 0.769041769041769, Top-5 Acc: 0.9361179361179361
Epoch 46/200, Loss: 0.0017527507215490555, CE: 0.0002737512609044267, Reg: 0.0014789994614510774, Top-1 Acc: 0.7708845208845209, Top-5 Acc: 0.9336609336609336
Epoch 47/200, Loss: 0.0015751749163566918, CE: 0.0001825529566684708, Reg: 0.0013926219633262, Top-1 Acc: 0.7727272727272727, Top-5 Acc: 0.9367321867321867
Epoch 48/200, Loss: 0.0014811651672241208, CE: 0.00015784927172224458, Reg: 0.0013233158964516935, Top-1 Acc: 0.7807125307125307, Top-5 Acc: 0.9385749385749386
Epoch 49/200, Loss: 0.0014114328510967528, CE: 0.0001368088407724123, Reg: 0.00127462401247487, Top-1 Acc: 0.7868550368550369, Top-5 Acc: 0.9416461916461917
Epoch 50/200, Loss: 0.0013670136290717082, CE: 0.00012929322388498547, Reg: 0.0012377204064949613, Top-1 Acc: 0.7813267813267813, Top-5 Acc: 0.9348894348894349
Epoch 51/200, Loss: 0.0013235805033169356, CE: 0.00011841570370325364, Reg: 0.001205164800957763, Top-1 Acc: 0.7856265356265356, Top-5 Acc: 0.937960687960688
Epoch 52/200, Loss: 0.001280033546316396, CE: 0.00010446024336192638, Reg: 0.0011755733032770492, Top-1 Acc: 0.7776412776412777, Top-5 Acc: 0.9367321867321867
Epoch 53/200, Loss: 0.0012499964256940657, CE: 0.0001023747918135521, Reg: 0.0011476216364073857, Top-1 Acc: 0.7825552825552825, Top-5 Acc: 0.9398034398034398
Epoch 54/200, Loss: 0.0012360293523688327, CE: 0.00010232099358008469, Reg: 0.001133708359003801, Top-1 Acc: 0.7843980343980343, Top-5 Acc: 0.9361179361179361
Epoch 55/200, Loss: 0.007368302166007753, CE: 0.005630552170456894, Reg: 0.001737749991420051, Top-1 Acc: 0.5374692874692875, Top-5 Acc: 0.808968058968059
Epoch 56/200, Loss: 0.004063801047405953, CE: 0.002217520636307383, Reg: 0.0018462804060089839, Top-1 Acc: 0.7100737100737101, Top-5 Acc: 0.9115479115479116
Epoch 57/200, Loss: 0.0021186895889867777, CE: 0.0005462109439563594, Reg: 0.0015724786411594653, Top-1 Acc: 0.7530712530712531, Top-5 Acc: 0.9281326781326781
Epoch 58/200, Loss: 0.0016033247846128245, CE: 0.00020878026258699904, Reg: 0.0013945445205025338, Top-1 Acc: 0.7708845208845209, Top-5 Acc: 0.9373464373464373
Epoch 59/200, Loss: 0.0014683776724340367, CE: 0.0001521225245336869, Reg: 0.0013162551471835066, Top-1 Acc: 0.7764127764127764, Top-5 Acc: 0.9361179361179361
Epoch 60/200, Loss: 0.0013949325660317035, CE: 0.00010977571943880626, Reg: 0.0012851568429818, Top-1 Acc: 0.7745700245700246, Top-5 Acc: 0.9373464373464373
Epoch 61/200, Loss: 0.0013863506131654082, CE: 0.00011173036791615903, Reg: 0.001274620241306612, Top-1 Acc: 0.7745700245700246, Top-5 Acc: 0.9355036855036855
Epoch 62/200, Loss: 0.0013745936388471003, CE: 0.00010856689556837002, Reg: 0.0012660267426783743, Top-1 Acc: 0.7751842751842751, Top-5 Acc: 0.9367321867321867
Epoch 63/200, Loss: 0.0013645686750561733, CE: 0.00010582210667823611, Reg: 0.0012587465660123549, Top-1 Acc: 0.7782555282555282, Top-5 Acc: 0.9367321867321867
Epoch 64/200, Loss: 0.0013541059076483248, CE: 0.00010345398279662781, Reg: 0.0012506519253893292, Top-1 Acc: 0.7776412776412777, Top-5 Acc: 0.937960687960688
Epoch 65/200, Loss: 0.0013490621192068816, CE: 0.00010560704361841775, Reg: 0.0012434550768608604, Top-1 Acc: 0.777027027027027, Top-5 Acc: 0.9385749385749386
Epoch 66/200, Loss: 0.0013322717500988193, CE: 9.58515061813222e-05, Reg: 0.001236420244051905, Top-1 Acc: 0.7776412776412777, Top-5 Acc: 0.9336609336609336
Epoch 67/200, Loss: 0.0013297037187082867, CE: 9.75853760832556e-05, Reg: 0.001232118346944011, Top-1 Acc: 0.7757985257985258, Top-5 Acc: 0.9373464373464373
Epoch 68/200, Loss: 0.0013208687999354575, CE: 9.76363120965741e-05, Reg: 0.0012232324864320787, Top-1 Acc: 0.777027027027027, Top-5 Acc: 0.9367321867321867
Epoch 69/200, Loss: 0.0013089743700896944, CE: 9.533642400030318e-05, Reg: 0.0012136379496556857, Top-1 Acc: 0.7837837837837838, Top-5 Acc: 0.9373464373464373
Epoch 70/200, Loss: 0.001299540618356556, CE: 9.356769865926119e-05, Reg: 0.001205972922860365, Top-1 Acc: 0.7751842751842751, Top-5 Acc: 0.9404176904176904
Epoch 71/200, Loss: 0.0012906325420162874, CE: 9.339126433045695e-05, Reg: 0.001197241275947486, Top-1 Acc: 0.7800982800982801, Top-5 Acc: 0.9373464373464373
Epoch 72/200, Loss: 0.001276825408432908, CE: 8.767833755457122e-05, Reg: 0.0011891470694446505, Top-1 Acc: 0.7843980343980343, Top-5 Acc: 0.9373464373464373
Epoch 73/200, Loss: 0.0012686654278467149, CE: 8.855950260749076e-05, Reg: 0.0011801059240833145, Top-1 Acc: 0.7856265356265356, Top-5 Acc: 0.9373464373464373
Epoch 74/200, Loss: 0.0012586577199032447, CE: 8.509918911908146e-05, Reg: 0.001173558530828966, Top-1 Acc: 0.7751842751842751, Top-5 Acc: 0.9373464373464373
Epoch 75/200, Loss: 0.001247193053562029, CE: 8.498645415941076e-05, Reg: 0.0011622065998237634, Top-1 Acc: 0.7819410319410319, Top-5 Acc: 0.9355036855036855
Epoch 76/200, Loss: 0.0012348496350528572, CE: 8.147465553793601e-05, Reg: 0.0011533749836905322, Top-1 Acc: 0.7819410319410319, Top-5 Acc: 0.9355036855036855
Epoch 77/200, Loss: 0.0012259753575787095, CE: 8.129081861222085e-05, Reg: 0.0011446845403464117, Top-1 Acc: 0.7794840294840295, Top-5 Acc: 0.9385749385749386
Epoch 78/200, Loss: 0.0012118710294420937, CE: 7.909208380879853e-05, Reg: 0.0011327789512605136, Top-1 Acc: 0.7899262899262899, Top-5 Acc: 0.9373464373464373
Epoch 79/200, Loss: 0.00120297332840233, CE: 7.728428445172064e-05, Reg: 0.0011256890431083188, Top-1 Acc: 0.785012285012285, Top-5 Acc: 0.9398034398034398
Epoch 80/200, Loss: 0.0011907117188967801, CE: 7.706687974322328e-05, Reg: 0.0011136448446642882, Top-1 Acc: 0.7788697788697788, Top-5 Acc: 0.9367321867321867
Epoch 81/200, Loss: 0.0011776203067119927, CE: 7.375919763774444e-05, Reg: 0.0011038611106244213, Top-1 Acc: 0.777027027027027, Top-5 Acc: 0.9312039312039312
Epoch 82/200, Loss: 0.0011674524565901735, CE: 7.389512366392728e-05, Reg: 0.0010935573350050914, Top-1 Acc: 0.777027027027027, Top-5 Acc: 0.9361179361179361
Epoch 83/200, Loss: 0.0011568515850552197, CE: 7.442640778069554e-05, Reg: 0.0010824251800702124, Top-1 Acc: 0.7800982800982801, Top-5 Acc: 0.9373464373464373
Epoch 84/200, Loss: 0.001141312785602629, CE: 6.927103562066342e-05, Reg: 0.0010720417517113496, Top-1 Acc: 0.7733415233415234, Top-5 Acc: 0.937960687960688
Epoch 85/200, Loss: 0.0011312390042221164, CE: 6.973531741060097e-05, Reg: 0.0010615036899701055, Top-1 Acc: 0.7788697788697788, Top-5 Acc: 0.9342751842751843
Epoch 86/200, Loss: 0.0011190865756576798, CE: 6.779143127079151e-05, Reg: 0.0010512951443779278, Top-1 Acc: 0.7714987714987716, Top-5 Acc: 0.9361179361179361
Epoch 87/200, Loss: 0.0011065605210066943, CE: 6.437116337173362e-05, Reg: 0.0010421893552514574, Top-1 Acc: 0.7757985257985258, Top-5 Acc: 0.9367321867321867
Epoch 88/200, Loss: 0.001100846557084269, CE: 6.745626203419889e-05, Reg: 0.0010333902946916486, Top-1 Acc: 0.7800982800982801, Top-5 Acc: 0.9342751842751843
Epoch 89/200, Loss: 0.0010884916415584865, CE: 6.306910848973624e-05, Reg: 0.001025422532432552, Top-1 Acc: 0.7764127764127764, Top-5 Acc: 0.9318181818181818
Epoch 90/200, Loss: 0.0010800302003423129, CE: 6.396842697625831e-05, Reg: 0.0010160617676581913, Top-1 Acc: 0.7776412776412777, Top-5 Acc: 0.9348894348894349
Epoch 91/200, Loss: 0.0010691729220538744, CE: 6.094764941888104e-05, Reg: 0.0010082252717030973, Top-1 Acc: 0.7751842751842751, Top-5 Acc: 0.9355036855036855
Epoch 92/200, Loss: 0.0010594634661506036, CE: 6.0623401090008976e-05, Reg: 0.0009988400674530585, Top-1 Acc: 0.7745700245700246, Top-5 Acc: 0.9361179361179361
Epoch 93/200, Loss: 0.0010494728878902024, CE: 5.80101184043867e-05, Reg: 0.0009914627677205896, Top-1 Acc: 0.7671990171990172, Top-5 Acc: 0.9305896805896806
Epoch 94/200, Loss: 0.001060901647559803, CE: 7.267611753883693e-05, Reg: 0.0009882255308811777, Top-1 Acc: 0.7665847665847666, Top-5 Acc: 0.9293611793611793
Epoch 95/200, Loss: 0.0010519542305826627, CE: 6.0650704477137626e-05, Reg: 0.0009913035279043533, Top-1 Acc: 0.7604422604422605, Top-5 Acc: 0.9293611793611793
Epoch 96/200, Loss: 0.0010341087578717857, CE: 5.416044109887896e-05, Reg: 0.0009799483197791676, Top-1 Acc: 0.769041769041769, Top-5 Acc: 0.9281326781326781
Epoch 97/200, Loss: 0.0010289498309494717, CE: 5.7574705974483606e-05, Reg: 0.0009713751235816242, Top-1 Acc: 0.7610565110565111, Top-5 Acc: 0.9281326781326781
Epoch 98/200, Loss: 0.0010196404818908812, CE: 5.420220836618109e-05, Reg: 0.0009654382704825971, Top-1 Acc: 0.7598280098280098, Top-5 Acc: 0.9281326781326781
Epoch 99/200, Loss: 0.0010135917267142772, CE: 5.3238404070904877e-05, Reg: 0.0009603533220564571, Top-1 Acc: 0.7641277641277642, Top-5 Acc: 0.9281326781326781
Epoch 100/200, Loss: 0.0010094973582687233, CE: 5.304632726432013e-05, Reg: 0.0009564510302898002, Top-1 Acc: 0.7592137592137592, Top-5 Acc: 0.9232186732186732
Epoch 101/200, Loss: 0.0010035794186451716, CE: 5.174029879997071e-05, Reg: 0.0009518391200400926, Top-1 Acc: 0.757985257985258, Top-5 Acc: 0.9232186732186732
Epoch 102/200, Loss: 0.0009989702969151802, CE: 5.2506075198252446e-05, Reg: 0.0009464642243446058, Top-1 Acc: 0.7530712530712531, Top-5 Acc: 0.918918918918919
Epoch 103/200, Loss: 0.0009924776678941593, CE: 5.046521732429521e-05, Reg: 0.0009420124511119768, Top-1 Acc: 0.7524570024570024, Top-5 Acc: 0.921990171990172
Epoch 104/200, Loss: 0.000992390693032316, CE: 5.409001625836035e-05, Reg: 0.0009383006756001249, Top-1 Acc: 0.7518427518427518, Top-5 Acc: 0.921990171990172
Epoch 105/200, Loss: 0.0009953351401760624, CE: 5.9372889777231705e-05, Reg: 0.0009359622484857556, Top-1 Acc: 0.7524570024570024, Top-5 Acc: 0.9213759213759214
Epoch 106/200, Loss: 0.0009819955230699715, CE: 4.974734443758145e-05, Reg: 0.0009322481793626739, Top-1 Acc: 0.7463144963144963, Top-5 Acc: 0.9133906633906634
Epoch 107/200, Loss: 0.0009771516541445748, CE: 4.879946057376334e-05, Reg: 0.0009283521923745794, Top-1 Acc: 0.7432432432432432, Top-5 Acc: 0.9146191646191646
Epoch 108/200, Loss: 0.0009729490561520891, CE: 4.823202557261162e-05, Reg: 0.0009247170307609284, Top-1 Acc: 0.7487714987714987, Top-5 Acc: 0.914004914004914
Epoch 109/200, Loss: 0.0009687156367730441, CE: 4.806805584181356e-05, Reg: 0.0009206475823626767, Top-1 Acc: 0.75, Top-5 Acc: 0.9164619164619164
Epoch 110/200, Loss: 0.0009687133595058374, CE: 4.727759443116595e-05, Reg: 0.000921435765417412, Top-1 Acc: 0.7414004914004914, Top-5 Acc: 0.9152334152334153
Epoch 111/200, Loss: 0.0009847845695224668, CE: 5.662574727385918e-05, Reg: 0.0009281588239443897, Top-1 Acc: 0.7518427518427518, Top-5 Acc: 0.9226044226044227
Epoch 112/200, Loss: 0.0009662749344973912, CE: 4.6658765952061406e-05, Reg: 0.0009196161695645912, Top-1 Acc: 0.7524570024570024, Top-5 Acc: 0.9146191646191646
Epoch 113/200, Loss: 0.0009610383012079694, CE: 4.600449011408712e-05, Reg: 0.0009150338090217576, Top-1 Acc: 0.7475429975429976, Top-5 Acc: 0.9146191646191646
Epoch 114/200, Loss: 0.0009570762829332075, CE: 4.498450212410936e-05, Reg: 0.000912091781653629, Top-1 Acc: 0.7414004914004914, Top-5 Acc: 0.9146191646191646
Epoch 115/200, Loss: 0.0009533627121594592, CE: 4.5965850883561504e-05, Reg: 0.0009073968609712394, Top-1 Acc: 0.7383292383292384, Top-5 Acc: 0.9103194103194103
Epoch 116/200, Loss: 0.00095155822592581, CE: 4.604084939260448e-05, Reg: 0.0009055173774639814, Top-1 Acc: 0.745085995085995, Top-5 Acc: 0.9127764127764127
Epoch 117/200, Loss: 0.0009504319168627262, CE: 4.7132547680735e-05, Reg: 0.0009032993688101288, Top-1 Acc: 0.7334152334152334, Top-5 Acc: 0.9121621621621622
Epoch 118/200, Loss: 0.0009404176953959788, CE: 4.0450642507655485e-05, Reg: 0.0008999670519071443, Top-1 Acc: 0.7358722358722358, Top-5 Acc: 0.9133906633906634
Epoch 119/200, Loss: 0.000942774524733314, CE: 4.399766062149489e-05, Reg: 0.0008987768649541099, Top-1 Acc: 0.7266584766584766, Top-5 Acc: 0.9115479115479116
Epoch 120/200, Loss: 0.0009375586695716776, CE: 4.0259992747540785e-05, Reg: 0.0008972986791113144, Top-1 Acc: 0.7328009828009828, Top-5 Acc: 0.9115479115479116
Epoch 121/200, Loss: 0.0009373627339829255, CE: 4.050525280340458e-05, Reg: 0.0008968574802386643, Top-1 Acc: 0.7346437346437347, Top-5 Acc: 0.9078624078624079
Epoch 122/200, Loss: 0.0009361495742152257, CE: 4.048011831136464e-05, Reg: 0.0008956694572916246, Top-1 Acc: 0.7346437346437347, Top-5 Acc: 0.9023341523341524
Epoch 123/200, Loss: 0.0009358555750618574, CE: 4.042932610013514e-05, Reg: 0.0008954262479066188, Top-1 Acc: 0.7383292383292384, Top-5 Acc: 0.9078624078624079
Epoch 124/200, Loss: 0.0009351732404879638, CE: 4.0696086652191334e-05, Reg: 0.0008944771519238175, Top-1 Acc: 0.7364864864864865, Top-5 Acc: 0.9078624078624079
Epoch 125/200, Loss: 0.0009364542617861714, CE: 4.068505922830433e-05, Reg: 0.000895769202856925, Top-1 Acc: 0.7371007371007371, Top-5 Acc: 0.9072481572481572
Epoch 126/200, Loss: 0.0009360397607317478, CE: 4.020527788566254e-05, Reg: 0.0008958344834654826, Top-1 Acc: 0.7328009828009828, Top-5 Acc: 0.9054054054054054
Epoch 127/200, Loss: 0.0009344317356762224, CE: 4.012053871300505e-05, Reg: 0.0008943111938539103, Top-1 Acc: 0.734029484029484, Top-5 Acc: 0.9066339066339066
Epoch 128/200, Loss: 0.0009329270931612241, CE: 4.034592459817217e-05, Reg: 0.0008925811689819572, Top-1 Acc: 0.7248157248157249, Top-5 Acc: 0.9054054054054054
Epoch 129/200, Loss: 0.0009323475401265904, CE: 4.0098376214436355e-05, Reg: 0.0008922491636668594, Top-1 Acc: 0.734029484029484, Top-5 Acc: 0.9078624078624079
Epoch 130/200, Loss: 0.0009329858129348588, CE: 4.026249146214656e-05, Reg: 0.0008927233235593977, Top-1 Acc: 0.7272727272727273, Top-5 Acc: 0.9109336609336609
Epoch 131/200, Loss: 0.000931576255931441, CE: 4.015721189824241e-05, Reg: 0.0008914190444297024, Top-1 Acc: 0.7346437346437347, Top-5 Acc: 0.9115479115479116
Epoch 132/200, Loss: 0.0009332802373195626, CE: 4.067876376310209e-05, Reg: 0.0008926014728463379, Top-1 Acc: 0.7254299754299754, Top-5 Acc: 0.9060196560196561
Epoch 133/200, Loss: 0.0009313286095742926, CE: 4.009005485874646e-05, Reg: 0.0008912385548029113, Top-1 Acc: 0.726044226044226, Top-5 Acc: 0.9072481572481572
Epoch 134/200, Loss: 0.0009278592595078161, CE: 3.650874652427366e-05, Reg: 0.0008913505133677256, Top-1 Acc: 0.7272727272727273, Top-5 Acc: 0.9060196560196561
Epoch 135/200, Loss: 0.0009304068336295413, CE: 3.96286014438822e-05, Reg: 0.0008907782317029102, Top-1 Acc: 0.7285012285012284, Top-5 Acc: 0.9072481572481572
Epoch 136/200, Loss: 0.0009305324099196368, CE: 4.0949651376981396e-05, Reg: 0.0008895827567415871, Top-1 Acc: 0.7321867321867321, Top-5 Acc: 0.9084766584766585
Epoch 137/200, Loss: 0.0009302013261780473, CE: 3.9930324206588786e-05, Reg: 0.0008902710012568555, Top-1 Acc: 0.7272727272727273, Top-5 Acc: 0.9054054054054054
Epoch 138/200, Loss: 0.0009300670428247435, CE: 4.018175531841219e-05, Reg: 0.0008898852863280203, Top-1 Acc: 0.7285012285012284, Top-5 Acc: 0.9041769041769042
Epoch 139/200, Loss: 0.0009284098486397691, CE: 3.967403355704734e-05, Reg: 0.0008887358149169517, Top-1 Acc: 0.730958230958231, Top-5 Acc: 0.9060196560196561
Epoch 140/200, Loss: 0.0009294403312622289, CE: 3.978972726651273e-05, Reg: 0.0008896506036484953, Top-1 Acc: 0.7328009828009828, Top-5 Acc: 0.9078624078624079
Epoch 141/200, Loss: 0.0009296562022580008, CE: 3.998264529969325e-05, Reg: 0.0008896735583987142, Top-1 Acc: 0.7285012285012284, Top-5 Acc: 0.9060196560196561
Epoch 142/200, Loss: 0.000928552654397495, CE: 3.959023888007677e-05, Reg: 0.0008889624176276252, Top-1 Acc: 0.734029484029484, Top-5 Acc: 0.9047911547911548
Epoch 143/200, Loss: 0.0009290573179717244, CE: 4.089924433451796e-05, Reg: 0.0008881580743484493, Top-1 Acc: 0.7364864864864865, Top-5 Acc: 0.9066339066339066
Epoch 144/200, Loss: 0.000928687939610736, CE: 3.9922790318741326e-05, Reg: 0.0008887651487106796, Top-1 Acc: 0.7328009828009828, Top-5 Acc: 0.9041769041769042
Epoch 145/200, Loss: 0.000927223464969564, CE: 3.9228420974933696e-05, Reg: 0.0008879950452995088, Top-1 Acc: 0.7334152334152334, Top-5 Acc: 0.9060196560196561
Epoch 146/200, Loss: 0.0009273198227343044, CE: 3.948589458250443e-05, Reg: 0.0008878339307951589, Top-1 Acc: 0.7334152334152334, Top-5 Acc: 0.9072481572481572
Epoch 147/200, Loss: 0.0009278263248677544, CE: 3.9741144980679715e-05, Reg: 0.0008880851802925391, Top-1 Acc: 0.7291154791154791, Top-5 Acc: 0.9047911547911548
Epoch 148/200, Loss: 0.0009264612757931165, CE: 3.974139549270682e-05, Reg: 0.0008867198806095483, Top-1 Acc: 0.7291154791154791, Top-5 Acc: 0.9060196560196561
Epoch 149/200, Loss: 0.000926003585514507, CE: 3.906607927325383e-05, Reg: 0.0008869375055770532, Top-1 Acc: 0.734029484029484, Top-5 Acc: 0.9060196560196561
Epoch 150/200, Loss: 0.0009255334932765386, CE: 3.927126396837562e-05, Reg: 0.0008862622304741532, Top-1 Acc: 0.7297297297297297, Top-5 Acc: 0.9041769041769042
Epoch 151/200, Loss: 0.0009252253531024154, CE: 3.907762774799956e-05, Reg: 0.0008861477236754348, Top-1 Acc: 0.7254299754299754, Top-5 Acc: 0.9060196560196561
Epoch 152/200, Loss: 0.0009259681723176919, CE: 3.959150694530485e-05, Reg: 0.0008863766638681366, Top-1 Acc: 0.7242014742014742, Top-5 Acc: 0.9011056511056511
Epoch 153/200, Loss: 0.0009254325887192903, CE: 3.9485836756786485e-05, Reg: 0.0008859467535541196, Top-1 Acc: 0.7334152334152334, Top-5 Acc: 0.9035626535626535
Epoch 154/200, Loss: 0.0009248240322122359, CE: 3.933380449005002e-05, Reg: 0.0008854902262817793, Top-1 Acc: 0.7285012285012284, Top-5 Acc: 0.9047911547911548
Epoch 155/200, Loss: 0.0009241333183158061, CE: 3.926209896562437e-05, Reg: 0.0008848712202092733, Top-1 Acc: 0.7321867321867321, Top-5 Acc: 0.902948402948403
Epoch 156/200, Loss: 0.000924261839684154, CE: 3.9201304850748025e-05, Reg: 0.0008850605361819671, Top-1 Acc: 0.7235872235872236, Top-5 Acc: 0.9054054054054054
Epoch 157/200, Loss: 0.0009203383574615521, CE: 3.5716012457736626e-05, Reg: 0.0008846223469034498, Top-1 Acc: 0.7303439803439803, Top-5 Acc: 0.9041769041769042
Epoch 158/200, Loss: 0.0009243885382638299, CE: 3.929881832787906e-05, Reg: 0.0008850897217325389, Top-1 Acc: 0.7272727272727273, Top-5 Acc: 0.9054054054054054
Epoch 159/200, Loss: 0.0009235532124517623, CE: 3.905144454808484e-05, Reg: 0.0008845017690170244, Top-1 Acc: 0.7291154791154791, Top-5 Acc: 0.9047911547911548
Epoch 160/200, Loss: 0.0009227526242835584, CE: 3.888883078428174e-05, Reg: 0.0008838637938420173, Top-1 Acc: 0.7303439803439803, Top-5 Acc: 0.9011056511056511
Epoch 161/200, Loss: 0.0009221427596811884, CE: 3.8771162203397244e-05, Reg: 0.0008833715967430269, Top-1 Acc: 0.7235872235872236, Top-5 Acc: 0.9054054054054054
Epoch 162/200, Loss: 0.0009213568312414174, CE: 3.833321201782024e-05, Reg: 0.0008830236190163847, Top-1 Acc: 0.7242014742014742, Top-5 Acc: 0.902948402948403
Epoch 163/200, Loss: 0.0009231384676706798, CE: 3.899338956019393e-05, Reg: 0.0008841450784924288, Top-1 Acc: 0.7334152334152334, Top-5 Acc: 0.9041769041769042
Epoch 164/200, Loss: 0.0009225434319717177, CE: 3.8398190303394524e-05, Reg: 0.0008841452436530825, Top-1 Acc: 0.7285012285012284, Top-5 Acc: 0.9097051597051597
Epoch 165/200, Loss: 0.0009219607876228361, CE: 3.8587940907029246e-05, Reg: 0.000883372848064368, Top-1 Acc: 0.7297297297297297, Top-5 Acc: 0.9041769041769042
Epoch 166/200, Loss: 0.0009219623924912013, CE: 3.8910477927534264e-05, Reg: 0.0008830519131008591, Top-1 Acc: 0.7266584766584766, Top-5 Acc: 0.9078624078624079
Epoch 167/200, Loss: 0.0009214276616493689, CE: 3.848460739185065e-05, Reg: 0.0008829430561728335, Top-1 Acc: 0.7278869778869779, Top-5 Acc: 0.9054054054054054
Epoch 168/200, Loss: 0.0009214291374859735, CE: 3.8388810311552706e-05, Reg: 0.000883040327195702, Top-1 Acc: 0.7235872235872236, Top-5 Acc: 0.9060196560196561
Epoch 169/200, Loss: 0.0009211954021863089, CE: 3.82567257972185e-05, Reg: 0.0008829386771216144, Top-1 Acc: 0.7291154791154791, Top-5 Acc: 0.9060196560196561
Epoch 170/200, Loss: 0.0009221890419400457, CE: 3.8567224188057304e-05, Reg: 0.0008836218191475924, Top-1 Acc: 0.7235872235872236, Top-5 Acc: 0.9041769041769042
Epoch 171/200, Loss: 0.0009229197356106686, CE: 3.9056906636123416e-05, Reg: 0.0008838628283977105, Top-1 Acc: 0.7272727272727273, Top-5 Acc: 0.9060196560196561
Epoch 172/200, Loss: 0.0009212333188860177, CE: 3.8785347986524506e-05, Reg: 0.0008824479699093536, Top-1 Acc: 0.734029484029484, Top-5 Acc: 0.9035626535626535
Epoch 173/200, Loss: 0.000920678085184156, CE: 3.823819080594709e-05, Reg: 0.0008824398959619842, Top-1 Acc: 0.730958230958231, Top-5 Acc: 0.9017199017199017
Epoch 174/200, Loss: 0.0009218143400153503, CE: 3.869532496214852e-05, Reg: 0.0008831190153511397, Top-1 Acc: 0.7315724815724816, Top-5 Acc: 0.9047911547911548
Epoch 175/200, Loss: 0.0009216005989038409, CE: 3.867195220726867e-05, Reg: 0.0008829286487731771, Top-1 Acc: 0.726044226044226, Top-5 Acc: 0.9041769041769042
Epoch 176/200, Loss: 0.0009211087625203058, CE: 3.827511436320313e-05, Reg: 0.0008828336489960331, Top-1 Acc: 0.730958230958231, Top-5 Acc: 0.902948402948403
Epoch 177/200, Loss: 0.0009217658481592762, CE: 3.9312105018370186e-05, Reg: 0.0008824537410699015, Top-1 Acc: 0.7285012285012284, Top-5 Acc: 0.9047911547911548
Epoch 178/200, Loss: 0.0009210851052638345, CE: 3.818261725898302e-05, Reg: 0.0008829024871536003, Top-1 Acc: 0.7291154791154791, Top-5 Acc: 0.9017199017199017
Epoch 179/200, Loss: 0.0009212078589124816, CE: 3.8083892265465046e-05, Reg: 0.0008831239661564271, Top-1 Acc: 0.7297297297297297, Top-5 Acc: 0.9041769041769042
Epoch 180/200, Loss: 0.000922461713003591, CE: 3.896038933122739e-05, Reg: 0.0008835013238414938, Top-1 Acc: 0.7285012285012284, Top-5 Acc: 0.9017199017199017
Epoch 181/200, Loss: 0.0009209313148889562, CE: 3.818198812946388e-05, Reg: 0.0008827493287476119, Top-1 Acc: 0.7272727272727273, Top-5 Acc: 0.9041769041769042
Epoch 182/200, Loss: 0.0009215426685178442, CE: 3.891074761735482e-05, Reg: 0.0008826319178740673, Top-1 Acc: 0.7297297297297297, Top-5 Acc: 0.9047911547911548
Epoch 183/200, Loss: 0.0009232783831169673, CE: 3.8723622059604106e-05, Reg: 0.0008845547637948079, Top-1 Acc: 0.7272727272727273, Top-5 Acc: 0.9072481572481572
Epoch 184/200, Loss: 0.0009211779327196037, CE: 3.885821284675868e-05, Reg: 0.0008823197212281265, Top-1 Acc: 0.7272727272727273, Top-5 Acc: 0.9047911547911548
Epoch 185/200, Loss: 0.0009204805665190694, CE: 3.8203148962987195e-05, Reg: 0.000882277416588344, Top-1 Acc: 0.734029484029484, Top-5 Acc: 0.9047911547911548
Epoch 186/200, Loss: 0.0009205023720264068, CE: 3.8350818313075014e-05, Reg: 0.0008821515535610026, Top-1 Acc: 0.7235872235872236, Top-5 Acc: 0.9017199017199017
Epoch 187/200, Loss: 0.0009220974701066763, CE: 3.8618515400499353e-05, Reg: 0.0008834789554689428, Top-1 Acc: 0.7303439803439803, Top-5 Acc: 0.902948402948403
Epoch 188/200, Loss: 0.0009218169544855582, CE: 3.835669885772176e-05, Reg: 0.0008834602544657666, Top-1 Acc: 0.7235872235872236, Top-5 Acc: 0.902948402948403
Epoch 189/200, Loss: 0.0009212292753173763, CE: 3.859170818193288e-05, Reg: 0.0008826375674580229, Top-1 Acc: 0.7266584766584766, Top-5 Acc: 0.9041769041769042
Epoch 190/200, Loss: 0.0009224804378059587, CE: 3.877419699120527e-05, Reg: 0.0008837062409009986, Top-1 Acc: 0.7235872235872236, Top-5 Acc: 0.9011056511056511
Epoch 191/200, Loss: 0.0009211461932003828, CE: 3.8136150331258715e-05, Reg: 0.0008830100437282158, Top-1 Acc: 0.7315724815724816, Top-5 Acc: 0.9035626535626535
Epoch 192/200, Loss: 0.0009232438631066732, CE: 3.859019252357325e-05, Reg: 0.0008846536703669269, Top-1 Acc: 0.7223587223587223, Top-5 Acc: 0.9066339066339066
Epoch 193/200, Loss: 0.0009210168443083433, CE: 3.843276922699202e-05, Reg: 0.0008825840731839571, Top-1 Acc: 0.7211302211302212, Top-5 Acc: 0.902948402948403
Epoch 194/200, Loss: 0.0009194983363270833, CE: 3.826082873055039e-05, Reg: 0.0008812375054717651, Top-1 Acc: 0.7291154791154791, Top-5 Acc: 0.9041769041769042
Epoch 195/200, Loss: 0.0009195898175514831, CE: 3.887429417029367e-05, Reg: 0.000880715524688308, Top-1 Acc: 0.7285012285012284, Top-5 Acc: 0.8992628992628993
Epoch 196/200, Loss: 0.000918821881873891, CE: 3.5363783103219186e-05, Reg: 0.0008834581002088382, Top-1 Acc: 0.7223587223587223, Top-5 Acc: 0.9035626535626535
Epoch 197/200, Loss: 0.0009211650129127789, CE: 3.899739781423131e-05, Reg: 0.000882167615721305, Top-1 Acc: 0.7180589680589681, Top-5 Acc: 0.9066339066339066
Epoch 198/200, Loss: 0.0009219355848526096, CE: 3.8529717968396896e-05, Reg: 0.0008834058690123407, Top-1 Acc: 0.7297297297297297, Top-5 Acc: 0.9060196560196561
Epoch 199/200, Loss: 0.0009212328942281566, CE: 3.846640987239656e-05, Reg: 0.0008827664845237701, Top-1 Acc: 0.7278869778869779, Top-5 Acc: 0.902948402948403
Test Top-1 Acc: 0.7921900261161547, Top-5 Acc: 0.9415495585126228
