Executing /workspace/m1_dev/python_env/../adarand/fine_tuning.py
Config: {'seed': 42, 'val_ratio': 0.2, 'data_path': PosixPath('/workspace/m1_dev/python_env/../adarand'), 'batch_size': 32, 'max_iter': 200, 'model_lr': 0.001, 'model_lr_milestones': (60, 120, 160), 'model_lr_drop_rate': 0.1}
Epoch 0/200, Loss: 0.14459861840667396, Top-1 Acc: 0.10319410319410319, Top-5 Acc: 0.26842751842751844
Epoch 1/200, Loss: 0.09403726854935068, Top-1 Acc: 0.22358722358722358, Top-5 Acc: 0.5565110565110565
Epoch 2/200, Loss: 0.054713394905766245, Top-1 Acc: 0.3759213759213759, Top-5 Acc: 0.7106879606879607
Epoch 3/200, Loss: 0.029861361559095054, Top-1 Acc: 0.5405405405405406, Top-5 Acc: 0.8482800982800983
Epoch 4/200, Loss: 0.014945960319211037, Top-1 Acc: 0.6179361179361179, Top-5 Acc: 0.8826781326781327
Epoch 5/200, Loss: 0.00788106544349306, Top-1 Acc: 0.5988943488943489, Top-5 Acc: 0.8648648648648649
Epoch 6/200, Loss: 0.004024147798979352, Top-1 Acc: 0.648034398034398, Top-5 Acc: 0.894963144963145
Epoch 7/200, Loss: 0.0027549935411891255, Top-1 Acc: 0.6732186732186732, Top-5 Acc: 0.9017199017199017
Epoch 8/200, Loss: 0.0023247029645519853, Top-1 Acc: 0.6455773955773956, Top-5 Acc: 0.8931203931203932
Epoch 9/200, Loss: 0.004438081435446876, Top-1 Acc: 0.5577395577395577, Top-5 Acc: 0.8286240786240786
Epoch 10/200, Loss: 0.004768845950955241, Top-1 Acc: 0.5681818181818182, Top-5 Acc: 0.8409090909090909
Epoch 11/200, Loss: 0.0028645678813594483, Top-1 Acc: 0.5902948402948403, Top-5 Acc: 0.8409090909090909
Epoch 12/200, Loss: 0.0031544935373845166, Top-1 Acc: 0.5681818181818182, Top-5 Acc: 0.828009828009828
Epoch 13/200, Loss: 0.0021096987029298993, Top-1 Acc: 0.6296068796068796, Top-5 Acc: 0.8894348894348895
Epoch 14/200, Loss: 0.0014396608045715792, Top-1 Acc: 0.6769041769041769, Top-5 Acc: 0.9004914004914005
Epoch 15/200, Loss: 0.0017151871224861876, Top-1 Acc: 0.6197788697788698, Top-5 Acc: 0.8630221130221131
Epoch 16/200, Loss: 0.00234079873436641, Top-1 Acc: 0.6148648648648649, Top-5 Acc: 0.8587223587223587
Epoch 17/200, Loss: 0.00287558003331608, Top-1 Acc: 0.6007371007371007, Top-5 Acc: 0.851965601965602
Epoch 18/200, Loss: 0.0030266808122545574, Top-1 Acc: 0.6504914004914005, Top-5 Acc: 0.8820638820638821
Epoch 19/200, Loss: 0.0024147588780305805, Top-1 Acc: 0.6087223587223587, Top-5 Acc: 0.8507371007371007
Epoch 20/200, Loss: 0.0012154892532894987, Top-1 Acc: 0.6848894348894349, Top-5 Acc: 0.9078624078624079
Epoch 21/200, Loss: 0.0007766486658313853, Top-1 Acc: 0.6775184275184275, Top-5 Acc: 0.894963144963145
Epoch 22/200, Loss: 0.0005926671577165915, Top-1 Acc: 0.7057739557739557, Top-5 Acc: 0.9103194103194103
Epoch 23/200, Loss: 0.0009728669682606536, Top-1 Acc: 0.5823095823095823, Top-5 Acc: 0.8568796068796068
Epoch 24/200, Loss: 0.00457103649867421, Top-1 Acc: 0.60995085995086, Top-5 Acc: 0.8513513513513513
Epoch 25/200, Loss: 0.002143824968003585, Top-1 Acc: 0.6812039312039312, Top-5 Acc: 0.9023341523341524
Epoch 26/200, Loss: 0.0006696613911000823, Top-1 Acc: 0.7094594594594594, Top-5 Acc: 0.9152334152334153
Epoch 27/200, Loss: 0.0009711210568460006, Top-1 Acc: 0.648034398034398, Top-5 Acc: 0.8851351351351351
Epoch 28/200, Loss: 0.0011460173772871631, Top-1 Acc: 0.6824324324324325, Top-5 Acc: 0.894963144963145
Epoch 29/200, Loss: 0.0010648509726576907, Top-1 Acc: 0.671990171990172, Top-5 Acc: 0.8851351351351351
Epoch 30/200, Loss: 0.0004966847282854996, Top-1 Acc: 0.7266584766584766, Top-5 Acc: 0.9090909090909091
Epoch 31/200, Loss: 0.0012884300163941455, Top-1 Acc: 0.5902948402948403, Top-5 Acc: 0.8507371007371007
Epoch 32/200, Loss: 0.0023150785748440807, Top-1 Acc: 0.5952088452088452, Top-5 Acc: 0.8402948402948403
Epoch 33/200, Loss: 0.0021744993759899543, Top-1 Acc: 0.6246928746928747, Top-5 Acc: 0.8777641277641277
Epoch 34/200, Loss: 0.0009027410228711609, Top-1 Acc: 0.6535626535626535, Top-5 Acc: 0.8814496314496314
Epoch 35/200, Loss: 0.0006736041518684368, Top-1 Acc: 0.7088452088452089, Top-5 Acc: 0.9066339066339066
Epoch 36/200, Loss: 0.0005475366821184732, Top-1 Acc: 0.7125307125307125, Top-5 Acc: 0.9066339066339066
Epoch 37/200, Loss: 0.0007195106646742958, Top-1 Acc: 0.6406633906633906, Top-5 Acc: 0.8728501228501229
Epoch 38/200, Loss: 0.0016712415041371875, Top-1 Acc: 0.4871007371007371, Top-5 Acc: 0.7610565110565111
Epoch 39/200, Loss: 0.0018161423261701176, Top-1 Acc: 0.6578624078624079, Top-5 Acc: 0.8802211302211302
Epoch 40/200, Loss: 0.0011252547644957295, Top-1 Acc: 0.6695331695331695, Top-5 Acc: 0.8826781326781327
Epoch 41/200, Loss: 0.0013981699445193146, Top-1 Acc: 0.6676904176904177, Top-5 Acc: 0.89004914004914
Epoch 42/200, Loss: 0.0009629947074473632, Top-1 Acc: 0.6566339066339066, Top-5 Acc: 0.8955773955773956
Epoch 43/200, Loss: 0.0004050153078863112, Top-1 Acc: 0.722972972972973, Top-5 Acc: 0.9084766584766585
Epoch 44/200, Loss: 0.00021047383972311453, Top-1 Acc: 0.7137592137592138, Top-5 Acc: 0.9152334152334153
Epoch 45/200, Loss: 0.0003337554590476886, Top-1 Acc: 0.6971744471744472, Top-5 Acc: 0.9054054054054054
Epoch 46/200, Loss: 0.001348812226102122, Top-1 Acc: 0.6345208845208845, Top-5 Acc: 0.8685503685503686
Epoch 47/200, Loss: 0.0017268090063216866, Top-1 Acc: 0.6222358722358723, Top-5 Acc: 0.8531941031941032
Epoch 48/200, Loss: 0.0009394848525942489, Top-1 Acc: 0.6425061425061425, Top-5 Acc: 0.8777641277641277
Epoch 49/200, Loss: 0.0006577910716721262, Top-1 Acc: 0.6787469287469288, Top-5 Acc: 0.8894348894348895
Epoch 50/200, Loss: 0.0005801716104883221, Top-1 Acc: 0.7315724815724816, Top-5 Acc: 0.9238329238329238
Epoch 51/200, Loss: 0.0001524429212051401, Top-1 Acc: 0.7493857493857494, Top-5 Acc: 0.9281326781326781
Epoch 52/200, Loss: 0.00010640377756116829, Top-1 Acc: 0.7647420147420148, Top-5 Acc: 0.9305896805896806
Epoch 53/200, Loss: 0.00031505389490363094, Top-1 Acc: 0.683046683046683, Top-5 Acc: 0.8925061425061425
Epoch 54/200, Loss: 0.0031442091957046055, Top-1 Acc: 0.5878378378378378, Top-5 Acc: 0.8353808353808354
Epoch 55/200, Loss: 0.00139588878834904, Top-1 Acc: 0.7008599508599509, Top-5 Acc: 0.8937346437346437
Epoch 56/200, Loss: 0.00031656317853425017, Top-1 Acc: 0.7254299754299754, Top-5 Acc: 0.902948402948403
Epoch 57/200, Loss: 0.00025644705514369786, Top-1 Acc: 0.6898034398034398, Top-5 Acc: 0.8955773955773956
Epoch 58/200, Loss: 0.0003566902766641729, Top-1 Acc: 0.6646191646191646, Top-5 Acc: 0.89004914004914
Epoch 59/200, Loss: 0.0013792697413851883, Top-1 Acc: 0.5816953316953317, Top-5 Acc: 0.8445945945945946
Epoch 60/200, Loss: 0.0006823134984506172, Top-1 Acc: 0.7174447174447175, Top-5 Acc: 0.8974201474201474
Epoch 61/200, Loss: 0.0001418927546102468, Top-1 Acc: 0.7278869778869779, Top-5 Acc: 0.9072481572481572
Epoch 62/200, Loss: 9.455381760865752e-05, Top-1 Acc: 0.7383292383292384, Top-5 Acc: 0.9109336609336609
Epoch 63/200, Loss: 8.907473548685357e-05, Top-1 Acc: 0.734029484029484, Top-5 Acc: 0.9115479115479116
Epoch 64/200, Loss: 6.623787893986087e-05, Top-1 Acc: 0.7407862407862408, Top-5 Acc: 0.9127764127764127
Epoch 65/200, Loss: 7.646696920866296e-05, Top-1 Acc: 0.7389434889434889, Top-5 Acc: 0.9158476658476659
Epoch 66/200, Loss: 6.0286149353603905e-05, Top-1 Acc: 0.75, Top-5 Acc: 0.9170761670761671
Epoch 67/200, Loss: 5.764798224330205e-05, Top-1 Acc: 0.7463144963144963, Top-5 Acc: 0.9183046683046683
Epoch 68/200, Loss: 6.251247684243479e-05, Top-1 Acc: 0.742014742014742, Top-5 Acc: 0.9232186732186732
Epoch 69/200, Loss: 5.6797896946241745e-05, Top-1 Acc: 0.7432432432432432, Top-5 Acc: 0.9207616707616708
Epoch 70/200, Loss: 5.327658195464268e-05, Top-1 Acc: 0.7506142506142506, Top-5 Acc: 0.921990171990172
Epoch 71/200, Loss: 5.180315672521542e-05, Top-1 Acc: 0.7481572481572482, Top-5 Acc: 0.9250614250614251
Epoch 72/200, Loss: 5.586949324926285e-05, Top-1 Acc: 0.75, Top-5 Acc: 0.9226044226044227
Epoch 73/200, Loss: 5.7196390001780375e-05, Top-1 Acc: 0.7524570024570024, Top-5 Acc: 0.9238329238329238
Epoch 74/200, Loss: 5.2374864373986534e-05, Top-1 Acc: 0.7536855036855037, Top-5 Acc: 0.9262899262899262
Epoch 75/200, Loss: 4.7580055805776526e-05, Top-1 Acc: 0.7512285012285013, Top-5 Acc: 0.9238329238329238
Epoch 76/200, Loss: 4.5164123525080806e-05, Top-1 Acc: 0.75, Top-5 Acc: 0.9275184275184275
Epoch 77/200, Loss: 5.293702736841216e-05, Top-1 Acc: 0.7518427518427518, Top-5 Acc: 0.9262899262899262
Epoch 78/200, Loss: 4.532028792894563e-05, Top-1 Acc: 0.7567567567567568, Top-5 Acc: 0.9262899262899262
Epoch 79/200, Loss: 4.561809773014623e-05, Top-1 Acc: 0.7530712530712531, Top-5 Acc: 0.9262899262899262
Epoch 80/200, Loss: 4.7947598372990744e-05, Top-1 Acc: 0.7567567567567568, Top-5 Acc: 0.9250614250614251
Epoch 81/200, Loss: 4.7490014219084095e-05, Top-1 Acc: 0.7622850122850123, Top-5 Acc: 0.9287469287469288
Epoch 82/200, Loss: 4.301536111806003e-05, Top-1 Acc: 0.754914004914005, Top-5 Acc: 0.9256756756756757
Epoch 83/200, Loss: 4.615460412656973e-05, Top-1 Acc: 0.7598280098280098, Top-5 Acc: 0.9281326781326781
Epoch 84/200, Loss: 5.1417597368137126e-05, Top-1 Acc: 0.757985257985258, Top-5 Acc: 0.9281326781326781
Epoch 85/200, Loss: 5.162186627937888e-05, Top-1 Acc: 0.7610565110565111, Top-5 Acc: 0.9275184275184275
Epoch 86/200, Loss: 4.80293298753712e-05, Top-1 Acc: 0.7610565110565111, Top-5 Acc: 0.9293611793611793
Epoch 87/200, Loss: 4.828392031613319e-05, Top-1 Acc: 0.7647420147420148, Top-5 Acc: 0.9305896805896806
Epoch 88/200, Loss: 4.766622871156623e-05, Top-1 Acc: 0.7635135135135135, Top-5 Acc: 0.9293611793611793
Epoch 89/200, Loss: 4.892782914686138e-05, Top-1 Acc: 0.7671990171990172, Top-5 Acc: 0.9287469287469288
Epoch 90/200, Loss: 4.4812363549074245e-05, Top-1 Acc: 0.7604422604422605, Top-5 Acc: 0.9318181818181818
Epoch 91/200, Loss: 4.9226419676739086e-05, Top-1 Acc: 0.7665847665847666, Top-5 Acc: 0.9312039312039312
Epoch 92/200, Loss: 4.848718553598768e-05, Top-1 Acc: 0.7622850122850123, Top-5 Acc: 0.9312039312039312
Epoch 93/200, Loss: 4.48268822145428e-05, Top-1 Acc: 0.765970515970516, Top-5 Acc: 0.9305896805896806
Epoch 94/200, Loss: 4.8394409138699426e-05, Top-1 Acc: 0.7708845208845209, Top-5 Acc: 0.9355036855036855
Epoch 95/200, Loss: 4.5836779719785977e-05, Top-1 Acc: 0.773955773955774, Top-5 Acc: 0.933046683046683
Epoch 96/200, Loss: 4.8264542485929026e-05, Top-1 Acc: 0.7702702702702703, Top-5 Acc: 0.9342751842751843
Epoch 97/200, Loss: 4.78822758064296e-05, Top-1 Acc: 0.7684275184275184, Top-5 Acc: 0.9348894348894349
Epoch 98/200, Loss: 4.6279702997400766e-05, Top-1 Acc: 0.7702702702702703, Top-5 Acc: 0.9324324324324325
Epoch 99/200, Loss: 4.1055885168592794e-05, Top-1 Acc: 0.7702702702702703, Top-5 Acc: 0.9355036855036855
Epoch 100/200, Loss: 4.75987472561082e-05, Top-1 Acc: 0.773955773955774, Top-5 Acc: 0.9312039312039312
Epoch 101/200, Loss: 4.246190817822768e-05, Top-1 Acc: 0.7641277641277642, Top-5 Acc: 0.9318181818181818
Epoch 102/200, Loss: 4.586953905047363e-05, Top-1 Acc: 0.7714987714987716, Top-5 Acc: 0.9312039312039312
Epoch 103/200, Loss: 4.7677264512367065e-05, Top-1 Acc: 0.7727272727272727, Top-5 Acc: 0.9336609336609336
Epoch 104/200, Loss: 4.256204399179976e-05, Top-1 Acc: 0.7721130221130221, Top-5 Acc: 0.9336609336609336
Epoch 105/200, Loss: 4.359271018210039e-05, Top-1 Acc: 0.7745700245700246, Top-5 Acc: 0.9355036855036855
Epoch 106/200, Loss: 4.6064086790703264e-05, Top-1 Acc: 0.7745700245700246, Top-5 Acc: 0.9373464373464373
Epoch 107/200, Loss: 4.21688679538394e-05, Top-1 Acc: 0.7776412776412777, Top-5 Acc: 0.9385749385749386
Epoch 108/200, Loss: 4.358589114937056e-05, Top-1 Acc: 0.7794840294840295, Top-5 Acc: 0.9355036855036855
Epoch 109/200, Loss: 4.320267394477408e-05, Top-1 Acc: 0.785012285012285, Top-5 Acc: 0.9373464373464373
Epoch 110/200, Loss: 4.377367954543535e-05, Top-1 Acc: 0.773955773955774, Top-5 Acc: 0.937960687960688
Epoch 111/200, Loss: 4.230251102777355e-05, Top-1 Acc: 0.773955773955774, Top-5 Acc: 0.9391891891891891
Epoch 112/200, Loss: 4.3385277278484575e-05, Top-1 Acc: 0.7727272727272727, Top-5 Acc: 0.9367321867321867
Epoch 113/200, Loss: 3.933512156783347e-05, Top-1 Acc: 0.7721130221130221, Top-5 Acc: 0.9385749385749386
Epoch 114/200, Loss: 4.196989425808214e-05, Top-1 Acc: 0.7745700245700246, Top-5 Acc: 0.9391891891891891
Epoch 115/200, Loss: 4.0527130295966514e-05, Top-1 Acc: 0.7800982800982801, Top-5 Acc: 0.9361179361179361
Epoch 116/200, Loss: 4.0751417801998866e-05, Top-1 Acc: 0.7794840294840295, Top-5 Acc: 0.9391891891891891
Epoch 117/200, Loss: 3.993762846109489e-05, Top-1 Acc: 0.7751842751842751, Top-5 Acc: 0.9367321867321867
Epoch 118/200, Loss: 4.1644763322092955e-05, Top-1 Acc: 0.7807125307125307, Top-5 Acc: 0.937960687960688
Epoch 119/200, Loss: 4.2205117889822836e-05, Top-1 Acc: 0.7745700245700246, Top-5 Acc: 0.937960687960688
Epoch 120/200, Loss: 3.706906016904722e-05, Top-1 Acc: 0.7788697788697788, Top-5 Acc: 0.9361179361179361
Epoch 121/200, Loss: 3.7028605633334646e-05, Top-1 Acc: 0.7727272727272727, Top-5 Acc: 0.9367321867321867
Epoch 122/200, Loss: 3.637758741203923e-05, Top-1 Acc: 0.7764127764127764, Top-5 Acc: 0.9404176904176904
Epoch 123/200, Loss: 3.450125770564486e-05, Top-1 Acc: 0.7776412776412777, Top-5 Acc: 0.9385749385749386
Epoch 124/200, Loss: 3.5204322529379185e-05, Top-1 Acc: 0.7733415233415234, Top-5 Acc: 0.9398034398034398
Epoch 125/200, Loss: 3.47733153454044e-05, Top-1 Acc: 0.7776412776412777, Top-5 Acc: 0.9391891891891891
Epoch 126/200, Loss: 3.409964327879812e-05, Top-1 Acc: 0.7751842751842751, Top-5 Acc: 0.9391891891891891
Epoch 127/200, Loss: 3.552587585903239e-05, Top-1 Acc: 0.7782555282555282, Top-5 Acc: 0.9391891891891891
Epoch 128/200, Loss: 3.4526056135638524e-05, Top-1 Acc: 0.7745700245700246, Top-5 Acc: 0.9385749385749386
Epoch 129/200, Loss: 3.610492717570389e-05, Top-1 Acc: 0.7727272727272727, Top-5 Acc: 0.9391891891891891
Epoch 130/200, Loss: 3.552689771254826e-05, Top-1 Acc: 0.7794840294840295, Top-5 Acc: 0.9398034398034398
Epoch 131/200, Loss: 3.5626770831146736e-05, Top-1 Acc: 0.777027027027027, Top-5 Acc: 0.9385749385749386
Epoch 132/200, Loss: 3.432166168672128e-05, Top-1 Acc: 0.7776412776412777, Top-5 Acc: 0.9404176904176904
Epoch 133/200, Loss: 3.4546706195770004e-05, Top-1 Acc: 0.7807125307125307, Top-5 Acc: 0.9385749385749386
Epoch 134/200, Loss: 3.494476145143018e-05, Top-1 Acc: 0.7788697788697788, Top-5 Acc: 0.9385749385749386
Epoch 135/200, Loss: 3.494612835906378e-05, Top-1 Acc: 0.7782555282555282, Top-5 Acc: 0.9373464373464373
Epoch 136/200, Loss: 3.476657175219565e-05, Top-1 Acc: 0.7727272727272727, Top-5 Acc: 0.9391891891891891
Epoch 137/200, Loss: 3.477324785486141e-05, Top-1 Acc: 0.7782555282555282, Top-5 Acc: 0.9355036855036855
Epoch 138/200, Loss: 3.456531897403118e-05, Top-1 Acc: 0.7764127764127764, Top-5 Acc: 0.9361179361179361
Epoch 139/200, Loss: 3.502316374748785e-05, Top-1 Acc: 0.7831695331695332, Top-5 Acc: 0.9385749385749386
Epoch 140/200, Loss: 3.39037186932028e-05, Top-1 Acc: 0.7800982800982801, Top-5 Acc: 0.9385749385749386
Epoch 141/200, Loss: 3.3675754219903395e-05, Top-1 Acc: 0.7856265356265356, Top-5 Acc: 0.9373464373464373
Epoch 142/200, Loss: 3.5894387900905894e-05, Top-1 Acc: 0.7776412776412777, Top-5 Acc: 0.9404176904176904
Epoch 143/200, Loss: 3.458355018522542e-05, Top-1 Acc: 0.7764127764127764, Top-5 Acc: 0.9385749385749386
Epoch 144/200, Loss: 3.4508800754597696e-05, Top-1 Acc: 0.7764127764127764, Top-5 Acc: 0.937960687960688
Epoch 145/200, Loss: 3.527011066497084e-05, Top-1 Acc: 0.7794840294840295, Top-5 Acc: 0.9391891891891891
Epoch 146/200, Loss: 3.404462336375488e-05, Top-1 Acc: 0.7764127764127764, Top-5 Acc: 0.9385749385749386
Epoch 147/200, Loss: 3.473007096035943e-05, Top-1 Acc: 0.777027027027027, Top-5 Acc: 0.937960687960688
Epoch 148/200, Loss: 3.4483323785798156e-05, Top-1 Acc: 0.7733415233415234, Top-5 Acc: 0.937960687960688
Epoch 149/200, Loss: 3.4556409990993296e-05, Top-1 Acc: 0.7764127764127764, Top-5 Acc: 0.937960687960688
Epoch 150/200, Loss: 3.546574990461896e-05, Top-1 Acc: 0.7807125307125307, Top-5 Acc: 0.9373464373464373
Epoch 151/200, Loss: 3.402369392201743e-05, Top-1 Acc: 0.7794840294840295, Top-5 Acc: 0.941031941031941
Epoch 152/200, Loss: 3.418624176305247e-05, Top-1 Acc: 0.7794840294840295, Top-5 Acc: 0.9373464373464373
Epoch 153/200, Loss: 3.558419504344346e-05, Top-1 Acc: 0.7776412776412777, Top-5 Acc: 0.9391891891891891
Epoch 154/200, Loss: 3.4527788195213656e-05, Top-1 Acc: 0.7813267813267813, Top-5 Acc: 0.9398034398034398
Epoch 155/200, Loss: 3.474685106078627e-05, Top-1 Acc: 0.7794840294840295, Top-5 Acc: 0.9367321867321867
Epoch 156/200, Loss: 3.330949698581646e-05, Top-1 Acc: 0.7825552825552825, Top-5 Acc: 0.9404176904176904
Epoch 157/200, Loss: 3.544864380785874e-05, Top-1 Acc: 0.7776412776412777, Top-5 Acc: 0.937960687960688
Epoch 158/200, Loss: 3.0285377933835468e-05, Top-1 Acc: 0.7764127764127764, Top-5 Acc: 0.9385749385749386
Epoch 159/200, Loss: 3.496631708100047e-05, Top-1 Acc: 0.7837837837837838, Top-5 Acc: 0.9404176904176904
Epoch 160/200, Loss: 3.05012477736278e-05, Top-1 Acc: 0.7782555282555282, Top-5 Acc: 0.9391891891891891
Epoch 161/200, Loss: 3.3245341336655465e-05, Top-1 Acc: 0.7813267813267813, Top-5 Acc: 0.9361179361179361
Epoch 162/200, Loss: 3.338207969722197e-05, Top-1 Acc: 0.777027027027027, Top-5 Acc: 0.937960687960688
Epoch 163/200, Loss: 3.434259561512483e-05, Top-1 Acc: 0.7757985257985258, Top-5 Acc: 0.9416461916461917
Epoch 164/200, Loss: 3.358434946234961e-05, Top-1 Acc: 0.7788697788697788, Top-5 Acc: 0.9391891891891891
Epoch 165/200, Loss: 3.3361864232998745e-05, Top-1 Acc: 0.777027027027027, Top-5 Acc: 0.937960687960688
Epoch 166/200, Loss: 3.4413076652468414e-05, Top-1 Acc: 0.7819410319410319, Top-5 Acc: 0.937960687960688
Epoch 167/200, Loss: 3.339213102196002e-05, Top-1 Acc: 0.7813267813267813, Top-5 Acc: 0.9385749385749386
Epoch 168/200, Loss: 3.315958226146445e-05, Top-1 Acc: 0.7819410319410319, Top-5 Acc: 0.9373464373464373
Epoch 169/200, Loss: 3.412494988077028e-05, Top-1 Acc: 0.7825552825552825, Top-5 Acc: 0.9373464373464373
Epoch 170/200, Loss: 3.407095734369956e-05, Top-1 Acc: 0.7794840294840295, Top-5 Acc: 0.9398034398034398
Epoch 171/200, Loss: 3.4281809110826223e-05, Top-1 Acc: 0.7776412776412777, Top-5 Acc: 0.9391891891891891
Epoch 172/200, Loss: 3.359104419312264e-05, Top-1 Acc: 0.7807125307125307, Top-5 Acc: 0.9373464373464373
Epoch 173/200, Loss: 3.3844646127801954e-05, Top-1 Acc: 0.7764127764127764, Top-5 Acc: 0.9398034398034398
Epoch 174/200, Loss: 3.354704878350838e-05, Top-1 Acc: 0.7825552825552825, Top-5 Acc: 0.9361179361179361
Epoch 175/200, Loss: 3.418977940310529e-05, Top-1 Acc: 0.7813267813267813, Top-5 Acc: 0.9391891891891891
Epoch 176/200, Loss: 3.204202723590187e-05, Top-1 Acc: 0.7794840294840295, Top-5 Acc: 0.9404176904176904
Epoch 177/200, Loss: 3.355784927014369e-05, Top-1 Acc: 0.7825552825552825, Top-5 Acc: 0.937960687960688
Epoch 178/200, Loss: 3.394445557473588e-05, Top-1 Acc: 0.7776412776412777, Top-5 Acc: 0.937960687960688
Epoch 179/200, Loss: 3.3576313700784965e-05, Top-1 Acc: 0.7800982800982801, Top-5 Acc: 0.9434889434889435
Epoch 180/200, Loss: 3.363110845075935e-05, Top-1 Acc: 0.7843980343980343, Top-5 Acc: 0.9373464373464373
Epoch 181/200, Loss: 3.276978218423455e-05, Top-1 Acc: 0.7800982800982801, Top-5 Acc: 0.9398034398034398
Epoch 182/200, Loss: 3.46793159444933e-05, Top-1 Acc: 0.7831695331695332, Top-5 Acc: 0.937960687960688
Epoch 183/200, Loss: 3.300777372352483e-05, Top-1 Acc: 0.7807125307125307, Top-5 Acc: 0.9398034398034398
Epoch 184/200, Loss: 3.477851813597496e-05, Top-1 Acc: 0.7794840294840295, Top-5 Acc: 0.9367321867321867
Epoch 185/200, Loss: 3.0073514947291898e-05, Top-1 Acc: 0.7813267813267813, Top-5 Acc: 0.9398034398034398
Epoch 186/200, Loss: 3.3187356668238935e-05, Top-1 Acc: 0.7813267813267813, Top-5 Acc: 0.9373464373464373
Epoch 187/200, Loss: 3.333319530596126e-05, Top-1 Acc: 0.7825552825552825, Top-5 Acc: 0.9391891891891891
Epoch 188/200, Loss: 3.1535263906097735e-05, Top-1 Acc: 0.7837837837837838, Top-5 Acc: 0.9385749385749386
Epoch 189/200, Loss: 3.377213233628977e-05, Top-1 Acc: 0.7819410319410319, Top-5 Acc: 0.9404176904176904
Epoch 190/200, Loss: 3.375149107793205e-05, Top-1 Acc: 0.7831695331695332, Top-5 Acc: 0.9391891891891891
Epoch 191/200, Loss: 3.346185571293109e-05, Top-1 Acc: 0.7782555282555282, Top-5 Acc: 0.9416461916461917
Epoch 192/200, Loss: 3.376261843808412e-05, Top-1 Acc: 0.7788697788697788, Top-5 Acc: 0.937960687960688
Epoch 193/200, Loss: 3.328414275703978e-05, Top-1 Acc: 0.7776412776412777, Top-5 Acc: 0.9391891891891891
Epoch 194/200, Loss: 3.398841995357067e-05, Top-1 Acc: 0.7819410319410319, Top-5 Acc: 0.9404176904176904
Epoch 195/200, Loss: 3.389799055337061e-05, Top-1 Acc: 0.7807125307125307, Top-5 Acc: 0.9391891891891891
Epoch 196/200, Loss: 3.3978540503813214e-05, Top-1 Acc: 0.7788697788697788, Top-5 Acc: 0.9385749385749386
Epoch 197/200, Loss: 3.244138585384495e-05, Top-1 Acc: 0.7782555282555282, Top-5 Acc: 0.941031941031941
Epoch 198/200, Loss: 3.447991362495698e-05, Top-1 Acc: 0.7807125307125307, Top-5 Acc: 0.9391891891891891
Epoch 199/200, Loss: 3.3426898015259635e-05, Top-1 Acc: 0.7788697788697788, Top-5 Acc: 0.9367321867321867
Test Top-1 Acc: 0.7767690585748042, Top-5 Acc: 0.9345852505907225
